 I = 133.899994 
V = 4.748000      I = 133.800003 
V = 4.748000      I = 133.800003 
V = 4.748000      I = 134.000000 
V = 4.748000      I = 135.300003 
V = 4.748000      I = 135.399994 
V = 4.748000      I = 

 << Logging of terminal I/O resumes >> 



 << Logging of terminal I/O resumes >> 

V = 4.776000      I = 135.500000 
V = 4.748000      I = 133.500000 
V = 4.748000      I = 133.399994 
V = 4.744000      I = 135.100006 
V = 4.748000      I = 133.500000 
V = 4.748000      I = 134.800003 
V = 4.748000      I = 134.899994 
V = 4.748000      I = 133.399994 
V = 4.748000      I = 135.100006 
V = 4.748000      I = 134.399994 
V = 4.748000      I = 133.399994 
V = 4.748000      I = 133.600006 
V = 4.744000      I = 135.100006 
V = 4.748000      I = 133.600006 
V = 4.748000      I = 133.500000 
V = 4.744000      I = 135.399994 
V = 4.744000      I = 135.100006 
V = 4.748000      I = 133.300003 
V = 4.744000      I = 134.600006 
V = 4.744000      I = 135.000000 
V = 4.748000      I = 133.500000 
V = 4.744000      I = 135.000000 
V = 4.752000      I = 133.199997 
V = 4.744000      I = 134.800003 
V = 4.748000      I = 133.500000 
V = 4.744000      I = 134.699997 
V = 4.748000      I = 133.800003 
V = 4.748000      I = 133.399994 
V = 4.752000      I = 133.300003 
V = 4.748000      I = 134.800003 
V = 4.744000      I = 135.199997 
V = 4.744000      I = 135.100006 
V = 4.748000      I = 133.300003 
V = 4.744000      I = 135.000000 
V = 4.744000      I = 135.000000 
V = 4.748000      I = 133.699997 
V = 4.748000      I = 133.500000 
V = 4.744000      I = 134.699997 
V = 4.748000      I = 133.500000 
V = 4.748000      I = 133.300003 
V = 4.744000      I = 134.899994 
V = 4.748000      V = 4.748000      I = 134.800003 
V = 4.748000      I = 134.699997 
V = 4.752000      I = 133.100006 
V = 4.748000      I = 134.600006 
V = 4.748000      I = 134.699997 
V = 4.752000      I = 133.000000 
V = 4.748000      I = 134.600006 
V = 4.748000      I = 134.699997 
V = 4.748000      I = 134.699997 
V = 0.000000      I = 0.000000 
V = 0.000000      I = 0.000000 
V = 0.000000      I = 0.000000 
V = 0.000000      I = 0.000000 
V = 0.000000      I = 0.000000 
V = 0.000000      I = 0.000000 
V = 0.000000      I = 0.000000 
V = 0.000000      I = 0.000000 
V = 0.000000      I = 0.000000 
V = 0.000000      I = 0.000000 
V = 0.000000      I = 0.000000 
V = 0.000000      I = 0.000000 
V = 0.000000      I = 0.000000 
V = 2.528000      I = 0.000000 
V = 2.524000      I = 0.000000 
V = 2.524000      I = 0.000000 
V = 2.524000      I = 0.000000 
V = 2.524000      I = 0.000000 
V = 2.528000      I = 0.000000 
V = 2.528000      I = 0.000000 
V = 2.524000      I = 0.000000 
V = 2.524000      I = 0.000000 
V = 2.524000      I = 0.000000 
V = 2.524000      I = 0.000000 
V = 2.524000      I = 0.000000 
V = 2.524000      I = 0.000000 
V = 2.524000      I = 0.000000 
V = 2.524000      I = 1.800000 
V = 2.520000      I = 1.800000 
V = 2.524000      I = 1.800000 
V = 2.520000      I = 1.800000 
V = 2.524000      I = 1.800000 
V = 2.520000      I = 1.800000 
V = 2.520000      I = 1.800000 
V = 2.520000      I = 1.800000 
V = 2.520000      I = 1.800000 
V = 2.524000      I = 1.800000 
V = 2.524000      I = 1.800000 
V = 2.520000      I = 1.800000 
V = 2.520000      I = 1.800000 
V = 2.524000      I = 1.800000 
V = 2.520000      I = 1.800000 
V = 2.524000      I = 1.800000 
V = 2.524000      I = 1.800000 
V = 2.520000      I = 1.800000 
V = 2.520000      I = 1.800000 
V = 2.520000      I = 1.800000 
V = 2.520000      I = 1.800000 
V = 2.520000      I = 1.800000 
V = 2.520000      I = 1.800000 
V = 2.520000      I = 1.800000 
V = 2.520000      I = 1.800000 
V = 2.520000      I = 1.800000 
V = 2.524000      I = 1.800000 
V = 2.520000      I = 1.800000 
V = 2.520000      I = 1.800000 
V = 2.520000      I = 1.800000 
V = 2.516000      I = 1.800000 
V = 2.516000      I = 1.800000 
V = 2.516000      I = 1.800000 
V = 2.516000      I = 1.800000 
V = 2.520000      I = 1.800000 
V = 2.520000      I = 1.800000 
V = 2.520000      I = 1.800000 
V = 2.520000      I = 1.800000 
V = 2.520000      I = 1.800000 
V = 2.516000      I = 1.800000 
V = 2.520000      I = 1.800000 
V = 2.516000      I = 1.800000 
V = 2.520000      I = 1.800000 
V = 2.516000      I = 1.800000 
V = 2.516000      I = 1.800000 
V = 2.516000      I = 1.800000 
V = 2.516000      I = 1.800000 
V = 2.516000      I = 1.800000 
V = 2.516000      I = 1.800000 
V = 2.516000      I = 1.800000 
V = 2.516000      I = 1.800000 
V = 2.516000      I = 1.700000 
V = 2.516000      I = 1.800000 
V = 2.516000      I = 1.800000 
V = 2.516000      I = 1.800000 
V = 2.516000      I = 1.800000 
V = 2.516000      I = 1.700000 
V = 2.512000      I = 1.800000 
V = 2.512000      I = 1.800000 
V = 2.516000      I = 1.800000 
V = 2.512000      I = 1.800000 
V = 2.516000      I = 1.800000 
V = 2.516000      I = 1.800000 
V = 2.516000      I = 1.800000 
V = 2.516000      I = 1.800000 
V = 2.512000      I = 1.800000 
V = 2.516000      I = 1.800000 
V = 2.512000      I = 1.700000 
V = 2.512000      I = 1.800000 
V = 2.512000      I = 1.800000 
V = 2.512000      I = 1.800000 
V = 2.512000      I = 1.800000 
V = 2.512000      I = 1.800000 
V = 2.512000      I = 1.800000 
V = 2.512000      I = 1.700000 
V = 2.512000      I = 1.800000 
V = 2.512000      I = 1.800000 
V = 2.512000      I = 1.700000 
V = 2.512000      I = 1.700000 
V = 2.512000      I = 1.800000 
V = 2.512000      I = 1.700000 
V = 2.516000      I = 1.800000 
V = 2.512000      I = 1.700000 
V = 2.512000      I = 1.800000 
V = 2.512000      I = 1.800000 
V = 2.512000      I = 1.800000 
V = 2.512000      I = 1.800000 
V = 2.508000      I = 1.700000 
V = 2.512000      I = 1.800000 
V = 2.512000      I = 1.800000 
V = 2.512000      I = 1.800000 
V = 2.512000      I = 1.800000 
V = 2.508000      I = 1.800000 
V = 2.512000      I = 1.800000 
V = 2.512000      I = 1.700000 
V = 2.508000      I = 1.700000 
V = 2.512000      I = 1.800000 
V = 2.512000      I = 1.700000 
V = 2.508000      I = 1.700000 
V = 2.512000      I = 1.800000 
V = 2.508000      I = 1.800000 
V = 2.512000      I = 1.700000 
V = 2.508000      I = 1.700000 
V = 2.508000      I = 1.700000 
V = 2.508000      I = 1.800000 
V = 2.508000      I = 1.700000 
V = 2.508000      I = 1.700000 
V = 2.508000      I = 1.700000 
V = 2.508000      I = 1.700000 
V = 2.508000      I = 1.700000 
V = 2.508000      I = 1.800000 
V = 2.508000      I = 1.700000 
V = 2.508000      I = 1.800000 
V = 2.508000      I = 1.700000 
V = 2.508000      I = 1.800000 
V = 2.508000      I = 1.700000 
V = 2.504000      I = 1.700000 
V = 2.504000      I = 1.700000 
V = 2.508000      I = 1.800000 
V = 2.508000      I = 1.700000 
V = 2.508000      I = 1.800000 
V = 2.508000      I = 1.700000 
V = 2.508000      I = 1.700000 
V = 2.504000      I = 1.700000 
V = 2.504000      I = 1.700000 
V = 2.504000      I = 1.700000 
V = 2.504000      I = 1.700000 
V = 2.508000      I = 1.700000 
V = 2.504000      I = 1.700000 
V = 2.508000      I = 1.700000 
V = 2.508000      I = 1.700000 
V = 2.504000      I = 1.700000 
V = 2.508000      I = 1.700000 
V = 2.508000      I = 1.800000 
V = 2.504000      I = 1.700000 
V = 2.508000      I = 1.700000 
V = 2.504000      I = 1.700000 
V = 2.504000      I = 1.700000 
V = 2.504000      I = 1.700000 
V = 2.504000      I = 1.700000 
V = 2.504000      I = 1.700000 
V = 2.504000      I = 1.700000 
V = 2.504000      I = 1.700000 
V = 2.504000      I = 1.700000 
V = 2.504000      I = 1.700000 
V = 2.504000      I = 1.700000 
V = 2.504000      I = 1.700000 
V = 2.504000      I = 1.700000 
V = 2.500000      I = 1.700000 
V = 2.504000      I = 1.700000 
V = 2.504000      I = 1.700000 
V = 2.504000      I = 1.700000 
V = 2.504000      I = 1.700000 
V = 2.504000      I = 1.700000 
V = 2.504000      I = 1.700000 
V = 2.504000      I = 1.700000 
V = 2.504000      I = 1.700000 
V = 2.500000      I = 1.700000 
V = 2.500000      I = 1.700000 
V = 2.504000      I = 1.700000 
V = 2.504000      I = 1.700000 
V = 2.500000      I = 1.700000 
V = 2.500000      I = 1.700000 
V = 2.500000      I = 1.700000 
V = 2.500000      I = 1.700000 
V = 2.500000      I = 1.700000 
V = 2.500000      I = 1.700000 
V = 2.504000      I = 1.700000 
V = 2.500000      I = 1.700000 
V = 2.500000      I = 1.700000 
V = 2.500000      I = 1.700000 
V = 2.504000      I = 1.700000 
V = 2.500000      I = 1.700000 
V = 2.500000      I = 1.700000 
V = 2.500000      I = 1.700000 
V = 2.500000      I = 1.700000 
V = 2.500000      I = 1.700000 
V = 2.500000      I = 1.700000 
V = 2.500000      I = 1.700000 
V = 2.500000      I = 1.700000 
V = 2.500000      I = 1.700000 
V = 2.500000      I = 1.700000 
V = 2.496000      I = 1.700000 
V = 2.500000      I = 1.700000 
V = 2.500000      I = 1.700000 
V = 2.500000      I = 1.700000 
V = 2.496000      I = 1.700000 
V = 2.500000      I = 1.700000 
V = 2.496000      I = 1.700000 
V = 2.500000      I = 1.700000 
V = 2.496000      I = 1.700000 
V = 2.496000      I = 1.700000 
V = 2.496000      I = 1.700000 
V = 2.500000      I = 1.700000 
V = 2.500000      I = 1.700000 
V = 2.500000      I = 1.700000 
V = 2.496000      I = 1.700000 
V = 2.496000      I = 1.700000 
V = 2.500000      I = 1.700000 
V = 2.496000      I = 1.700000 
V = 2.496000      I = 1.600000 
V = 2.496000      I = 1.700000 
V = 2.500000      I = 1.600000 
V = 2.500000      I = 1.700000 
V = 2.496000      I = 1.700000 
V = 2.500000      I = 1.700000 
V = 2.496000      I = 1.700000 
V = 2.496000      I = 1.700000 
V = 2.496000      I = 1.700000 
V = 2.496000      I = 1.700000 
V = 2.500000      I = 1.700000 
V = 2.496000      I = 1.700000 
V = 2.496000      I = 1.700000 
V = 2.496000      I = 1.700000 
V = 2.500000      I = 1.700000 
V = 2.496000      I = 1.700000 
V = 2.496000      I = 1.700000 
V = 2.492000      I = 1.700000 
V = 2.496000      I = 1.700000 
V = 2.496000      I = 1.700000 
V = 2.492000      I = 1.700000 
V = 2.496000      I = 1.700000 
V = 2.496000      I = 1.700000 
V = 2.496000      I = 1.700000 
V = 2.496000      I = 1.700000 
V = 2.496000      I = 1.700000 
V = 2.496000      I = 1.700000 
V = 2.496000      I = 1.700000 
V = 2.496000      I = 1.700000 
V = 2.492000      I = 1.700000 
V = 2.496000      I = 1.700000 
V = 2.496000      I = 1.700000 
V = 2.496000      I = 1.700000 
V = 2.492000      I = 1.700000 
V = 2.496000      I = 1.700000 
V = 2.492000      I = 1.600000 
V = 2.492000      I = 1.700000 
V = 2.496000      I = 1.700000 
V = 2.492000      I = 1.700000 
V = 2.492000      I = 1.700000 
V = 2.492000      I = 1.700000 
V = 2.496000      I = 1.700000 
V = 2.492000      I = 1.700000 
V = 2.496000      I = 1.700000 
V = 2.492000      I = 1.700000 
V = 2.492000      I = 1.700000 
V = 2.492000      I = 1.700000 
V = 2.492000      I = 1.700000 
V = 2.496000      I = 1.700000 
V = 2.492000      I = 1.600000 
V = 2.492000      I = 1.700000 
V = 2.492000      I = 1.700000 
V = 2.492000      I = 1.700000 
V = 2.492000      I = 1.700000 
V = 2.496000      I = 1.700000 
V = 2.492000      I = 1.700000 
V = 2.492000      I = 1.700000 
V = 2.492000      I = 1.700000 
V = 2.492000      I = 1.600000 
V = 2.492000      I = 1.700000 
V = 2.488000      I = 1.700000 
V = 2.492000      I = 1.700000 
V = 2.492000      I = 1.600000 
V = 2.488000      I = 1.600000 
V = 2.492000      I = 1.700000 
V = 2.492000      I = 1.600000 
V = 2.492000      I = 1.700000 
V = 2.488000      I = 1.600000 
V = 2.492000      I = 1.700000 
V = 2.488000      I = 1.700000 
V = 2.488000      I = 1.700000 
V = 2.488000      I = 1.600000 
V = 2.488000      I = 1.700000 
V = 2.492000      I = 1.600000 
V = 2.488000      I = 1.600000 
V = 2.488000      I = 1.700000 
V = 2.488000      I = 1.600000 
V = 2.488000      I = 1.600000 
V = 2.488000      I = 1.600000 
V = 2.488000      I = 1.700000 
V = 2.488000      I = 1.700000 
V = 2.488000      I = 1.600000 
V = 2.488000      I = 1.700000 
V = 2.488000      I = 1.600000 
V = 2.488000      I = 1.700000 
V = 2.488000      I = 1.700000 
V = 2.488000      I = 1.600000 
V = 2.488000      I = 1.700000 
V = 2.488000      I = 1.600000 
V = 2.488000      I = 1.700000 
V = 2.484000      I = 1.600000 
V = 2.484000      I = 1.700000 
V = 2.488000      I = 1.700000 
V = 2.484000      I = 1.600000 
V = 2.484000      I = 1.700000 
V = 2.484000      I = 1.600000 
V = 2.488000      I = 1.700000 
V = 2.488000      I = 1.600000 
V = 2.484000      I = 1.700000 
V = 2.488000      I = 1.700000 
V = 2.488000      I = 1.600000 
V = 2.484000      I = 1.600000 
V = 2.484000      I = 1.600000 
V = 2.484000      I = 1.600000 
V = 2.484000      I = 1.700000 
V = 2.484000      I = 1.600000 
V = 2.484000      I = 1.700000 
V = 2.484000      I = 1.700000 
V = 2.484000      I = 1.600000 
V = 2.484000      I = 1.700000 
V = 2.484000      I = 1.700000 
V = 2.484000      I = 1.600000 
V = 2.484000      I = 1.700000 
V = 2.484000      I = 1.600000 
V = 2.488000      I = 1.600000 
V = 2.484000      I = 1.600000 
V = 2.484000      I = 1.700000 
V = 2.484000      I = 1.600000 
V = 2.484000      I = 1.600000 
V = 2.484000      I = 1.600000 
V = 2.480000      I = 1.600000 
V = 2.484000      I = 1.600000 
V = 2.484000      I = 1.700000 
V = 2.484000      I = 1.600000 
V = 2.484000      I = 1.700000 
V = 2.480000      I = 1.600000 
V = 2.484000      I = 1.600000 
V = 2.484000      I = 1.600000 
V = 2.484000      I = 1.600000 
V = 2.484000      I = 1.600000 
V = 2.484000      I = 1.600000 
V = 2.484000      I = 1.700000 
V = 2.484000      I = 1.600000 
V = 2.480000      I = 1.600000 
V = 2.484000      I = 1.600000 
V = 2.480000      I = 1.700000 
V = 2.484000      I = 1.600000 
V = 2.484000      I = 1.600000 
V = 2.484000      I = 1.600000 
V = 2.484000      I = 1.700000 
V = 2.480000      I = 1.600000 
V = 2.484000      I = 1.600000 
V = 2.480000      I = 1.600000 
V = 2.484000      I = 1.600000 
V = 2.484000      I = 1.600000 
V = 2.484000      I = 1.600000 
V = 2.484000      I = 1.600000 
V = 2.484000      I = 1.600000 
V = 2.480000      I = 1.600000 
V = 2.480000      I = 1.600000 
V = 2.480000      I = 1.600000 
V = 2.480000      I = 1.600000 
V = 2.480000      I = 1.700000 
V = 2.480000      I = 1.600000 
V = 2.480000      I = 1.600000 
V = 2.480000      I = 1.600000 
V = 2.480000      I = 1.600000 
V = 2.480000      I = 1.600000 
V = 2.480000      I = 1.600000 
V = 2.480000      I = 1.600000 
V = 2.480000      I = 1.600000 
V = 2.484000      I = 1.600000 
V = 2.480000      I = 1.600000 
V = 2.480000      I = 1.600000 
V = 2.480000      I = 1.600000 
V = 2.484000      I = 1.600000 
V = 2.480000      I = 1.600000 
V = 2.480000      I = 1.600000 
V = 2.480000      I = 1.600000 
V = 2.484000      I = 1.600000 
V = 2.476000      I = 1.600000 
V = 2.480000      I = 1.600000 
V = 2.476000      I = 1.600000 
V = 2.480000      I = 1.600000 
V = 2.480000      I = 1.600000 
V = 2.480000      I = 1.600000 
V = 2.476000      I = 1.600000 
V = 2.476000      I = 1.600000 
V = 2.480000      I = 1.600000 
V = 2.480000      I = 1.600000 
V = 2.480000      I = 1.600000 
V = 2.476000      I = 1.600000 
V = 2.480000      I = 1.600000 
V = 2.480000      I = 1.600000 
V = 2.476000      I = 1.600000 
V = 2.480000      I = 1.600000 
V = 2.480000      I = 1.600000 
V = 2.476000      I = 1.600000 
V = 2.476000      I = 1.600000 
V = 2.480000      I = 1.600000 
V = 2.476000      I = 1.600000 
V = 2.480000      I = 1.600000 
V = 2.476000      I = 1.600000 
V = 2.476000      I = 1.600000 
V = 2.480000      I = 1.600000 
V = 2.476000      I = 1.600000 
V = 2.476000      I = 1.700000 
V = 2.476000      I = 1.600000 
V = 2.476000      I = 1.600000 
V = 2.476000      I = 1.600000 
V = 2.476000      I = 1.600000 
V = 2.480000      I = 1.600000 
V = 2.472000      I = 1.600000 
V = 2.476000      I = 1.600000 
V = 2.476000      I = 1.600000 
V = 2.476000      I = 1.600000 
V = 2.476000      I = 1.600000 
V = 2.476000      I = 1.600000 
V = 2.472000      I = 1.600000 
V = 2.476000      I = 1.600000 
V = 2.476000      I = 1.600000 
V = 2.472000      I = 1.600000 
V = 2.476000      I = 1.600000 
V = 2.476000      I = 1.600000 
V = 2.476000      I = 1.600000 
V = 2.472000      I = 1.600000 
V = 2.472000      I = 1.600000 
V = 2.476000      I = 1.600000 
V = 2.472000      I = 1.600000 
V = 2.476000      I = 1.600000 
V = 2.472000      I = 1.600000 
V = 2.472000      I = 1.600000 
V = 2.472000      I = 1.600000 
V = 2.476000      I = 1.600000 
V = 2.476000      I = 1.600000 
V = 2.472000      I = 1.600000 
V = 2.472000      I = 1.600000 
V = 2.476000      I = 1.600000 
V = 2.476000      I = 1.600000 
V = 2.476000      I = 1.600000 
V = 2.472000      I = 1.600000 
V = 2.472000      I = 1.600000 
V = 2.472000      I = 1.600000 
V = 2.472000      I = 1.600000 
V = 2.472000      I = 1.600000 
V = 2.472000      I = 1.600000 
V = 2.472000      I = 1.600000 
V = 2.476000      I = 1.600000 
V = 2.472000      I = 1.600000 
V = 2.472000      I = 1.600000 
V = 2.472000      I = 1.600000 
V = 2.472000      I = 1.600000 
V = 2.472000      I = 1.600000 
V = 2.472000      I = 1.600000 
V = 2.472000      I = 1.600000 
V = 2.472000      I = 1.600000 
V = 2.472000      I = 1.600000 
V = 2.472000      I = 1.600000 
V = 2.468000      I = 1.600000 
V = 2.468000      I = 1.600000 
V = 2.472000      I = 1.600000 
V = 2.468000      I = 1.600000 
V = 2.472000      I = 1.600000 
V = 2.472000      I = 1.600000 
V = 2.472000      I = 1.600000 
V = 2.468000      I = 1.600000 
V = 2.472000      I = 1.600000 
V = 2.472000      I = 1.600000 
V = 2.472000      I = 1.600000 
V = 2.472000      I = 1.600000 
V = 2.472000      I = 1.600000 
V = 2.468000      I = 1.600000 
V = 2.472000      I = 1.600000 
V = 2.468000      I = 1.600000 
V = 2.468000      I = 1.600000 
V = 2.472000      I = 1.600000 
V = 2.468000      I = 1.600000 
V = 2.468000      I = 1.600000 
V = 2.472000      I = 1.600000 
V = 2.468000      I = 1.600000 
V = 2.472000      I = 1.600000 
V = 2.468000      I = 1.600000 
V = 2.468000      I = 1.600000 
V = 2.472000      I = 1.600000 
V = 2.468000      I = 1.600000 
V = 2.468000      I = 1.600000 
V = 2.468000      I = 1.600000 
V = 2.468000      I = 1.600000 
V = 2.472000      I = 1.600000 
V = 2.468000      I = 1.600000 
V = 2.468000      I = 1.600000 
V = 2.472000      I = 1.600000 
V = 2.468000      I = 1.600000 
V = 2.468000      I = 1.600000 
V = 2.468000      I = 1.600000 
V = 2.464000      I = 1.600000 
V = 2.468000      I = 1.600000 
V = 2.468000      I = 1.600000 
V = 2.468000      I = 1.600000 
V = 2.468000      I = 1.600000 
V = 2.468000      I = 1.600000 
V = 2.468000      I = 1.600000 
V = 2.468000      I = 1.600000 
V = 2.468000      I = 1.600000 
V = 2.468000      I = 1.600000 
V = 2.468000      I = 1.600000 
V = 2.468000      I = 1.600000 
V = 2.468000      I = 1.600000 
V = 2.464000      I = 1.600000 
V = 2.464000      I = 1.600000 
V = 2.468000      I = 1.600000 
V = 2.468000      I = 1.600000 
V = 2.468000      I = 1.600000 
V = 2.468000      I = 1.600000 
V = 2.468000      I = 1.600000 
V = 2.464000      I = 1.600000 
V = 2.464000      I = 1.600000 
V = 2.468000      I = 1.600000 
V = 2.468000      I = 1.600000 
V = 2.468000      I = 1.600000 
V = 2.468000      I = 1.600000 
V = 2.464000      I = 1.600000 
V = 2.464000      I = 1.600000 
V = 2.468000      I = 1.600000 
V = 2.464000      I = 1.600000 
V = 2.464000      I = 1.600000 
V = 2.468000      I = 1.600000 
V = 2.464000      I = 1.600000 
V = 2.468000      I = 1.600000 
V = 2.468000      I = 1.600000 
V = 2.468000      I = 1.600000 
V = 2.464000      I = 1.600000 
V = 2.468000      I = 1.600000 
V = 2.464000      I = 1.600000 
V = 2.464000      I = 1.600000 
V = 2.464000      I = 1.600000 
V = 2.468000      I = 1.600000 
V = 2.464000      I = 1.600000 
V = 2.468000      I = 1.600000 
V = 2.468000      I = 1.600000 
V = 2.464000      I = 1.600000 
V = 2.464000      I = 1.600000 
V = 2.464000      I = 1.600000 
V = 2.464000      I = 1.600000 
V = 2.464000      I = 1.600000 
V = 2.464000      I = 1.600000 
V = 2.464000      I = 1.600000 
V = 2.464000      I = 1.600000 
V = 2.464000      I = 1.600000 
V = 2.464000      I = 1.600000 
V = 2.464000      I = 1.600000 
V = 2.464000      I = 1.600000 
V = 2.460000      I = 1.600000 
V = 2.464000      I = 1.600000 
V = 2.464000      I = 1.600000 
V = 2.464000      I = 1.600000 
V = 2.464000      I = 1.600000 
V = 2.464000      I = 1.600000 
V = 2.464000      I = 1.500000 
V = 2.464000      I = 1.600000 
V = 2.464000      I = 1.600000 
V = 2.460000      I = 1.600000 
V = 2.464000      I = 1.600000 
V = 2.464000      I = 1.600000 
V = 2.464000      I = 1.600000 
V = 2.460000      I = 1.600000 
V = 2.464000      I = 1.600000 
V = 2.460000      I = 1.600000 
V = 2.460000      I = 1.600000 
V = 2.460000      I = 1.600000 
V = 2.464000      I = 1.600000 
V = 2.460000      I = 1.600000 
V = 2.460000      I = 1.600000 
V = 2.460000      I = 1.600000 
V = 2.464000      I = 1.600000 
V = 2.460000      I = 1.600000 
V = 2.460000      I = 1.600000 
V = 2.464000      I = 1.600000 
V = 2.464000      I = 1.600000 
V = 2.460000      I = 1.600000 
V = 2.460000      I = 1.600000 
V = 2.460000      I = 1.600000 
V = 2.460000      I = 1.600000 
V = 2.460000      I = 1.600000 
V = 2.460000      I = 1.600000 
V = 2.464000      I = 1.600000 
V = 2.460000      I = 1.600000 
V = 2.460000      I = 1.600000 
V = 2.460000      I = 1.600000 
V = 2.460000      I = 1.600000 
V = 2.460000      I = 1.600000 
V = 2.460000      I = 1.600000 
V = 2.460000      I = 1.600000 
V = 2.460000      I = 1.600000 
V = 2.460000      I = 1.600000 
V = 2.460000      I = 1.600000 
V = 2.460000      I = 1.600000 
V = 2.460000      I = 1.600000 
V = 2.460000      I = 1.600000 
V = 2.460000      I = 1.600000 
V = 2.460000      I = 1.600000 
V = 2.460000      I = 1.600000 
V = 2.460000      I = 1.600000 
V = 2.460000      I = 1.600000 
V = 2.460000      I = 1.600000 
V = 2.460000      I = 1.600000 
V = 2.456000      I = 1.600000 
V = 2.460000      I = 1.500000 
V = 2.456000      I = 1.600000 
V = 2.460000      I = 1.600000 
V = 2.460000      I = 1.600000 
V = 2.456000      I = 1.600000 
V = 2.456000      I = 1.500000 
V = 2.460000      I = 1.600000 
V = 2.456000      I = 1.600000 
V = 2.456000      I = 1.500000 
V = 2.456000      I = 1.600000 
V = 2.456000      I = 1.500000 
V = 2.460000      I = 1.600000 
V = 2.456000      I = 1.600000 
V = 2.456000      I = 1.500000 
V = 2.456000      I = 1.600000 
V = 2.460000      I = 1.500000 
V = 2.456000      I = 1.500000 
V = 2.460000      I = 1.500000 
V = 2.460000      I = 1.600000 
V = 2.456000      I = 1.600000 
V = 2.456000      I = 1.600000 
V = 2.456000      I = 1.500000 
V = 2.460000      I = 1.600000 
V = 2.456000      I = 1.500000 
V = 2.452000      I = 1.500000 
V = 2.452000      I = 1.600000 
V = 2.456000      I = 1.600000 
V = 2.456000      I = 1.600000 
V = 2.456000      I = 1.600000 
V = 2.456000      I = 1.600000 
V = 2.456000      I = 1.500000 
V = 2.456000      I = 1.500000 
V = 2.456000      I = 1.600000 
V = 2.456000      I = 1.600000 
V = 2.456000      I = 1.500000 
V = 2.456000      I = 1.600000 
V = 2.456000      I = 1.500000 
V = 2.456000      I = 1.600000 
V = 2.456000      I = 1.500000 
V = 2.452000      I = 1.500000 
V = 2.456000      I = 1.500000 
V = 2.456000      I = 1.500000 
V = 2.452000      I = 1.500000 
V = 2.456000      I = 1.600000 
V = 2.452000      I = 1.500000 
V = 2.456000      I = 1.500000 
V = 2.456000      I = 1.500000 
V = 2.456000      I = 1.500000 
V = 2.452000      I = 1.500000 
V = 2.452000      I = 1.500000 
V = 2.452000      I = 1.500000 
V = 2.456000      I = 1.600000 
V = 2.452000      I = 1.600000 
V = 2.452000      I = 1.500000 
V = 2.456000      I = 1.500000 
V = 2.456000      I = 1.600000 
V = 2.452000      I = 1.500000 
V = 2.452000      I = 1.500000 
V = 2.452000      I = 1.500000 
V = 2.456000      I = 1.500000 
V = 2.452000      I = 1.500000 
V = 2.452000      I = 1.500000 
V = 2.452000      I = 1.500000 
V = 2.452000      I = 1.500000 
V = 2.452000      I = 1.500000 
V = 2.452000      I = 1.500000 
V = 2.452000      I = 1.500000 
V = 2.452000      I = 1.600000 
V = 2.452000      I = 1.500000 
V = 2.452000      I = 1.600000 
V = 2.452000      I = 1.500000 
V = 2.452000      I = 1.500000 
V = 2.448000      I = 1.500000 
V = 2.452000      I = 1.500000 
V = 2.452000      I = 1.600000 
V = 2.452000      I = 1.600000 
V = 2.448000      I = 1.500000 
V = 2.452000      I = 1.500000 
V = 2.452000      I = 1.600000 
V = 2.452000      I = 1.500000 
V = 2.452000      I = 1.500000 
V = 2.452000      I = 1.500000 
V = 2.452000      I = 1.500000 
V = 2.452000      I = 1.500000 
V = 2.452000      I = 1.500000 
V = 2.448000      I = 1.500000 
V = 2.448000      I = 1.500000 
V = 2.452000      I = 1.500000 
V = 2.448000      I = 1.500000 
V = 2.452000      I = 1.500000 
V = 2.452000      I = 1.500000 
V = 2.452000      I = 1.500000 
V = 2.448000      I = 1.500000 
V = 2.452000      I = 1.500000 
V = 2.448000      I = 1.500000 
V = 2.452000      I = 1.500000 
V = 2.452000      I = 1.600000 
V = 2.448000      I = 1.600000 
V = 2.448000      I = 1.500000 
V = 2.448000      I = 1.600000 
V = 2.448000      I = 1.500000 
V = 2.448000      I = 1.500000 
V = 2.452000      I = 1.500000 
V = 2.452000      I = 1.500000 
V = 2.448000      I = 1.500000 
V = 2.452000      I = 1.500000 
V = 2.448000      I = 1.500000 
V = 2.448000      I = 1.500000 
V = 2.448000      I = 1.500000 
V = 2.448000      I = 1.500000 
V = 2.448000      I = 1.500000 
V = 2.448000      I = 1.500000 
V = 2.448000      I = 1.500000 
V = 2.448000      I = 1.600000 
V = 2.448000      I = 1.500000 
V = 2.448000      I = 1.500000 
V = 2.448000      I = 1.500000 
V = 2.448000      I = 1.500000 
V = 2.448000      I = 1.500000 
V = 2.448000      I = 1.500000 
V = 2.448000      I = 1.500000 
V = 2.448000      I = 1.500000 
V = 2.448000      I = 1.500000 
V = 2.448000      I = 1.500000 
V = 2.444000      I = 1.500000 
V = 2.448000      I = 1.500000 
V = 2.448000      I = 1.500000 
V = 2.448000      I = 1.500000 
V = 2.448000      I = 1.600000 
V = 2.448000      I = 1.500000 
V = 2.448000      I = 1.500000 
V = 2.448000      I = 1.500000 
V = 2.448000      I = 1.500000 
V = 2.448000      I = 1.500000 
V = 2.448000      I = 1.500000 
V = 2.448000      I = 1.500000 
V = 2.448000      I = 1.500000 
V = 2.448000      I = 1.500000 
V = 2.448000      I = 1.500000 
V = 2.444000      I = 1.500000 
V = 2.448000      I = 1.500000 
V = 2.448000      I = 1.500000 
V = 2.448000      I = 1.500000 
V = 2.444000      I = 1.600000 
V = 2.448000      I = 1.500000 
V = 2.444000      I = 1.500000 
V = 2.444000      I = 1.500000 
V = 2.444000      I = 1.500000 
V = 2.444000      I = 1.500000 
V = 2.444000      I = 

 << Logging of terminal I/O resumes >> 



 << Logging of terminal I/O resumes >> 

V = 1.980000      I = 0.300000 
V = 1.976000      I = 0.300000 
V = 1.976000      I = 0.300000 
V = 1.976000      I = 0.300000 
V = 1.976000      I = 0.300000 
V = 1.976000      I = 0.300000 
V = 1.976000      I = 0.300000 
V = 1.976000      I = 0.300000 
V = 1.976000      I = 0.300000 
V = 1.972000      I = 0.300000 
V = 1.976000      I = 0.300000 
V = 1.976000      I = 0.300000 
V = 1.976000      I = 0.300000 
V = 1.976000      I = 0.300000 
V = 1.976000      I = 0.300000 
V = 1.976000      I = 0.300000 
V = 1.976000      I = 0.300000 
V = 1.980000      I = 0.300000 
V = 1.976000      I = 0.300000 
V = 1.980000      I = 0.300000 
V = 1.976000      I = 0.300000 
V = 1.976000      I = 0.300000 
V = 1.976000      I = 0.300000 
V = 1.976000      I = 0.300000 
V = 1.976000      I = 0.300000 
V = 1.976000      I = 0.300000 
V = 1.980000      I = 0.300000 
V = 1.976000      I = 0.300000 
V = 1.97600

 << Logging of terminal I/O resumes >> 



 << Logging of terminal I/O resumes >> 



 << Logging of terminal I/O resumes >> 



 << Logging of terminal I/O resumes >> 



 << Logging of terminal I/O resumes >> 



 << Logging of terminal I/O resumes >> 



 << Logging of terminal I/O resumes >> 



 << Logging of terminal I/O resumes >> 



 << Logging of terminal I/O resumes >> 



 << Logging of terminal I/O resumes >> 



 << Logging of terminal I/O resumes >> 



 << Logging of terminal I/O resumes >> 



 << Logging of terminal I/O resumes >> 



 << Logging of terminal I/O resumes >> 



 << Logging of terminal I/O resumes >> 



 << Logging of terminal I/O resumes >> 



 << Logging of terminal I/O resumes >> 



 << Logging of terminal I/O resumes >> 



 << Logging of terminal I/O resumes >> 



 << Logging of terminal I/O resumes >> 



 << Debugger has been reset >> 



 << Logging of terminal I/O resumes >> 



 << Logging of terminal I/O resumes >> 



 << Logging of terminal I/O resumes >> 



 << Logging of terminal I/O resumes >> 



 << Logging of terminal I/O resumes >> 



 << Logging of terminal I/O resumes >> 



 << Logging of terminal I/O resumes >> 



 << Logging of terminal I/O resumes >> 



 << Logging of terminal I/O resumes >> 



 << Logging of terminal I/O resumes >> 



 << Logging of terminal I/O resumes >> 



 << Logging of terminal I/O resumes >> 



 << Logging of terminal I/O resumes >> 



 << Logging of terminal I/O resumes >> 



 << Logging of terminal I/O resumes >> 



 << Logging of terminal I/O resumes >> 



 << Logging of terminal I/O resumes >> 



 << Logging of terminal I/O resumes >> 



 << Logging of terminal I/O resumes >> 



 << Logging of terminal I/O resumes >> 



 << Logging of terminal I/O resumes >> 



 << Logging of terminal I/O resumes >> 



 << Logging of terminal I/O resumes >> 



 << Logging of terminal I/O resumes >> 



 << Logging of terminal I/O resumes >> 



 << Logging of terminal I/O resumes >> 



 << Logging of terminal I/O resumes >> 



 << Logging of terminal I/O resumes >> 



 << Logging of terminal I/O resumes >> 



 << Logging of terminal I/O resumes >> 



 << Logging of terminal I/O resumes >> 



 << Logging of terminal I/O resumes >> 



 << Logging of terminal I/O resumes >> 



 << Logging of terminal I/O resumes >> 



 << Logging of terminal I/O resumes >> 



 << Logging of terminal I/O resumes >> 



 << Logging of terminal I/O resumes >> 



 << Logging of terminal I/O resumes >> 



 << Logging of terminal I/O resumes >> 



 << Logging of terminal I/O resumes >> 



 << Logging of terminal I/O resumes >> 



 << Logging of terminal I/O resumes >> 



 << Logging of terminal I/O resumes >> 



 << Logging of terminal I/O resumes >> 



 << Logging of terminal I/O resumes >> 



 << Logging of terminal I/O resumes >> 



 << Logging of terminal I/O resumes >> 



 << Logging of terminal I/O resumes >> 



 << Logging of terminal I/O resumes >> 



 << Logging of terminal I/O resumes >> 



 << Logging of terminal I/O resumes >> 



 << Logging of terminal I/O resumes >> 



 << Logging of terminal I/O resumes >> 



 << Logging of terminal I/O resumes >> 

.
.
.
.
.
.
.
.
.
.
.
.
.
.
.
.
.
.
.
.
.
.
.
.
.
.
.
.
.
.
.
.
.
.
.
.
.
.
.
.
.
.
.
.
.
.
.
.
.
.
.
.
.
.
.
.
.
.
.
.
.
.
.
.
.
.
.
.
.
.
.
.
.
.
.
.
.
.
.
.
.
.
.
.
.
.
.
.
.
.
.
.
.
.
.
.
.
.
.
.
.
.
.
.
.
.
.
.
.
.
.
.
.
.
.
.
.
.
.
.
.
.
.
.
.
.
.
.
.
.
.
.
.
.
.
.
.
.
.
.
.
.
.
.
.
.
.
.
.
.
.
.
.
.
.
.
.
.
.
.
.
.
.
.
.
.
.
.
.
.
.
.
.
.
.
.
.
.
.
.
.
.
.
.
.
.
.
.
.
.
.
.
.
.
.
.
.
.
.
.
.
.
.
.
.
.
.
.
.
.
.
.
.
.
.
.
.
.
.
.
.
.
.
.
.
.
.
.
.
.
.
.
.
.
.
.
.
.
.
.
.
.
.
.
.
.
.
.
.
.
.
.
.
.
.
.
.
.
.
.
.
.
.
.
.
.
.
.
.
.
.
.
.
.
.
.
.
.
.
.
.
.
.
.
.
.
.
.
.
.
.
.
.
.
.
.
.
.
.
.
.
.
.
.
.
.
.
.
.
.
.
.
.
.
.
.
.
.
.
.
.
.
.
.
.
.
.
.
.
.
.
.
.
.
.
.
.
.
.
.
.
.
.
.
.
.
.
.
.
.
.
.
.
.
.
.
.
.
.
.
.
.
.
.
.
.
.
.
.
.
.
.
.
.
.
.
.
.
.
.
.
.
.
.
.
.
.
.
.
.
.
.
.
.
.
.
.
.
.
.
.
.
.
.
.
.
.
.
.
.
.
.
.
.
.
.
.
.
.
.
.
.
.
.
.
.
.
.
.
.
.
.
.
.
.
.
.
.
.
.
.
.
.
.
.
.
.
.
.
.
.
.
.
.
.
.
.
.
.
.
.
.
.
.
.
.
.
.
.
.
.
.
.
.
.
.
.
.
.
.
.
.
.
.
.
.
.
.
.
.
.
.
.
.
.
.
.
.
.
.
.
.
.
.
.
.
.
.
.
.
.
.
.
.
.
.
.
.
.
.
.
.
.
.
.
.
.
.
.
.
.
.
.
.
.
.
.
.
.
.
.
.
.
.
.
.
.
.
.
.
.
.
.
.
.
.
.
.
.
.
.
.
.
.
.
.
.
.
.
.
.
.
.
.
.
.
.
.
.
.
.
.
.
.
.
.
.
.
.
.
.
.
.
.
.
.
.
.
.
.
.
.
.
.
.
.
.
.
.
.
.
.
.
.
.
.
.
.
.
.
.
.
.
.
.
.
.
.
.
.
.
.
.
.
.
.
.
.
.
.
.
.
.
.
.
.
.
.
.
.
.
.
.
.
.
.
.
.
.
.
.
.
.
.
.
.
.
.
.
.
.
.
.
.
.
.
.
.
.
.
.
.
.
.
.
.
.
.
.
.
.
.
.
.
.
.
.
.
.
.
.
.
.
.
.
.
.
.
.
.
.
.
.
.
.
.
.
.
.
.
.
.
.
.
.
.
.
.
.
.
.
.
.
.
.
.
.
.
.
.
.
.
.
.
.
.
.
.
.
.
.
.
.
.
.
.
.
.
.
.
.
.
.
.
.
.
.
.
.
.
.
.
.
.
.
.
.
.
.
.
.
.
.
.
.
.
.
.
.
.
.
.
.
.
.
.
.
.
.
.
.
.
.
.
.
.
.
.
.
.
.
.
.
.
.
.
.
.
.
.
.
.
.
.
.
.
.
.
.
.
.
.
.
.
.
.
.
.
.
.
.
.
.
.
.
.
.
.
.
.
.
.
.
.
.
.
.
.
.
.
.
.
.
.
.
.
.
.
.
.
.
.
.
.
.
.
.
.
.
.
.
.
.
.
.
.
.
.
.
.
.
.
.
.
.
.
.
.
.
.
.
.
.
.
.
.
.
.
.
.
.
.
.
.
.
.
.
.
.
.
.
.
.
.
.
.
.
.
.
.
.
.
.
.
.
.
.
.
.
.
.
.
.
.
.
.
.
.
.
.
.
.
.
.
.
.
.
.
.
.
.
.
.
.
.
.
.
.
.
.
.
.

 << Logging of terminal I/O resumes >> 



 << Logging of terminal I/O resumes >> 



 << Logging of terminal I/O resumes >> 



 << Logging of terminal I/O resumes >> 



 << Logging of terminal I/O resumes >> 



 << Logging of terminal I/O resumes >> 



 << Logging of terminal I/O resumes >> 



 << Logging of terminal I/O resumes >> 



 << Logging of terminal I/O resumes >> 



 << Logging of terminal I/O resumes >> 



 << Logging of terminal I/O resumes >> 



 << Logging of terminal I/O resumes >> 



 << Logging of terminal I/O resumes >> 



 << Logging of terminal I/O resumes >> 



 << Logging of terminal I/O resumes >> 



 << Logging of terminal I/O resumes >> 



 << Logging of terminal I/O resumes >> 



 << Logging of terminal I/O resumes >> 



 << Logging of terminal I/O resumes >> 



 << Logging of terminal I/O resumes >> 



 << Logging of terminal I/O resumes >> 



 << Logging of terminal I/O resumes >> 



 << Logging of terminal I/O resumes >> 



 << Logging of terminal I/O resumes >> 



 << Logging of terminal I/O resumes >> 



 << Logging of terminal I/O resumes >> 



 << Debugger has been reset >> 



 << Logging of terminal I/O resumes >> 



 << Logging of terminal I/O resumes >> 



 << Logging of terminal I/O resumes >> 



 << Logging of terminal I/O resumes >> 



 << Logging of terminal I/O resumes >> 



 << Logging of terminal I/O resumes >> 



 << Logging of terminal I/O resumes >> 



 << Logging of terminal I/O resumes >> 



 << Logging of terminal I/O resumes >> 



 << Debugger has been reset >> 



 << Logging of terminal I/O resumes >> 



 << Logging of terminal I/O resumes >> 



 << Logging of terminal I/O resumes >> 



 << Logging of terminal I/O resumes >> 



 << Logging of terminal I/O resumes >> 



 << Logging of terminal I/O resumes >> 



 << Logging of terminal I/O resumes >> 



 << Logging of terminal I/O resumes >> 



 << Logging of terminal I/O resumes >> 



 << Logging of terminal I/O resumes >> 



 << Logging of terminal I/O resumes >> 



 << Logging of terminal I/O resumes >> 



 << Logging of terminal I/O resumes >> 



 << Logging of terminal I/O resumes >> 



 << Logging of terminal I/O resumes >> 



 << Logging of terminal I/O resumes >> 



 << Logging of terminal I/O resumes >> 



 << Logging of terminal I/O resumes >> 



 << Logging of terminal I/O resumes >> 



 << Logging of terminal I/O resumes >> 



 << Logging of terminal I/O resumes >> 



 << Logging of terminal I/O resumes >> 



 << Logging of terminal I/O resumes >> 



 << Logging of terminal I/O resumes >> 



 << Logging of terminal I/O resumes >> 



 << Logging of terminal I/O resumes >> 



 << Logging of terminal I/O resumes >> 



 << Logging of terminal I/O resumes >> 



 << Logging of terminal I/O resumes >> 



 << Logging of terminal I/O resumes >> 



 << Logging of terminal I/O resumes >> 



 << Logging of terminal I/O resumes >> 



 << Logging of terminal I/O resumes >> 



 << Logging of terminal I/O resumes >> 



 << Logging of terminal I/O resumes >> 



 << Logging of terminal I/O resumes >> 



 << Logging of terminal I/O resumes >> 



 << Logging of terminal I/O resumes >> 



 << Logging of terminal I/O resumes >> 



 << Logging of terminal I/O resumes >> 



 << Logging of terminal I/O resumes >> 



 << Logging of terminal I/O resumes >> 



 << Logging of terminal I/O resumes >> 



 << Logging of terminal I/O resumes >> 



 << Logging of terminal I/O resumes >> 



 << Logging of terminal I/O resumes >> 



 << Logging of terminal I/O resumes >> 



 << Logging of terminal I/O resumes >> 



 << Logging of terminal I/O resumes >> 



 << Logging of terminal I/O resumes >> 



 << Debugger has been reset >> 



 << Logging of terminal I/O resumes >> 



 << Logging of terminal I/O resumes >> 



 << Logging of terminal I/O resumes >> 



 << Logging of terminal I/O resumes >> 



 << Logging of terminal I/O resumes >> 



 << Logging of terminal I/O resumes >> 



 << Logging of terminal I/O resumes >> 



 << Logging of terminal I/O resumes >> 



 << Logging of terminal I/O resumes >> 



 << Logging of terminal I/O resumes >> 



 << Logging of terminal I/O resumes >> 



 << Logging of terminal I/O resumes >> 



 << Logging of terminal I/O resumes >> 



 << Logging of terminal I/O resumes >> 



 << Logging of terminal I/O resumes >> 



 << Logging of terminal I/O resumes >> 



 << Logging of terminal I/O resumes >> 



 << Logging of terminal I/O resumes >> 



 << Logging of terminal I/O resumes >> 



 << Logging of terminal I/O resumes >> 



 << Logging of terminal I/O resumes >> 



 << Logging of terminal I/O resumes >> 



 << Logging of terminal I/O resumes >> 



 << Logging of terminal I/O resumes >> 



 << Logging of terminal I/O resumes >> 



 << Logging of terminal I/O resumes >> 



 << Logging of terminal I/O resumes >> 



 << Logging of terminal I/O resumes >> 



 << Logging of terminal I/O resumes >> 



 << Logging of terminal I/O resumes >> 



 << Logging of terminal I/O resumes >> 



 << Logging of terminal I/O resumes >> 



 << Logging of terminal I/O resumes >> 



 << Logging of terminal I/O resumes >> 



 << Logging of terminal I/O resumes >> 



 << Logging of terminal I/O resumes >> 



 << Logging of terminal I/O resumes >> 



 << Logging of terminal I/O resumes >> 



 << Logging of terminal I/O resumes >> 



 << Logging of terminal I/O resumes >> 



 << Logging of terminal I/O resumes >> 



 << Logging of terminal I/O resumes >> 



 << Debugger has been reset >> 



 << Logging of terminal I/O resumes >> 



 << Logging of terminal I/O resumes >> 



 << Logging of terminal I/O resumes >> 



 << Logging of terminal I/O resumes >> 



 << Logging of terminal I/O resumes >> 



 << Logging of terminal I/O resumes >> 



 << Logging of terminal I/O resumes >> 



 << Logging of terminal I/O resumes >> 



 << Logging of terminal I/O resumes >> 



 << Logging of terminal I/O resumes >> 



 << Debugger has been reset >> 



 << Logging of terminal I/O resumes >> 



 << Logging of terminal I/O resumes >> 



 << Debugger has been reset >> 



 << Debugger has been reset >> 



 << Logging of terminal I/O resumes >> 



 << Logging of terminal I/O resumes >> 



 << Logging of terminal I/O resumes >> 



 << Logging of terminal I/O resumes >> 



 << Debugger has been reset >> 



 << Logging of terminal I/O resumes >> 



 << Logging of terminal I/O resumes >> 



 << Debugger has been reset >> 



 << Logging of terminal I/O resumes >> 



 << Logging of terminal I/O resumes >> 



 << Logging of terminal I/O resumes >> 



 << Logging of terminal I/O resumes >> 



 << Logging of terminal I/O resumes >> 



 << Logging of terminal I/O resumes >> 



 << Logging of terminal I/O resumes >> 



 << Logging of terminal I/O resumes >> 



 << Logging of terminal I/O resumes >> 



 << Logging of terminal I/O resumes >> 



 << Logging of terminal I/O resumes >> 



 << Logging of terminal I/O resumes >> 



 << Debugger has been reset >> 



 << Logging of terminal I/O resumes >> 



 << Logging of terminal I/O resumes >> 



 << Logging of terminal I/O resumes >> 



 << Logging of terminal I/O resumes >> 



 << Logging of terminal I/O resumes >> 



 << Logging of terminal I/O resumes >> 



 << Logging of terminal I/O resumes >> 



 << Logging of terminal I/O resumes >> 



 << Debugger has been reset >> 



 << Logging of terminal I/O resumes >> 



 << Logging of terminal I/O resumes >> 



 << Logging of terminal I/O resumes >> 



 << Logging of terminal I/O resumes >> 



 << Logging of terminal I/O resumes >> 



 << Logging of terminal I/O resumes >> 



 << Debugger has been reset >> 



 << Logging of terminal I/O resumes >> 



 << Logging of terminal I/O resumes >> 



 << Debugger has been reset >> 



 << Logging of terminal I/O resumes >> 



 << Logging of terminal I/O resumes >> 



 << Logging of terminal I/O resumes >> 



 << Logging of terminal I/O resumes >> 



 << Logging of terminal I/O resumes >> 



 << Logging of terminal I/O resumes >> 



 << Logging of terminal I/O resumes >> 



 << Logging of terminal I/O resumes >> 



 << Logging of terminal I/O resumes >> 



 << Logging of terminal I/O resumes >> 



 << Debugger has been reset >> 



 << Debugger has been reset >> 



 << Logging of terminal I/O resumes >> 



 << Logging of terminal I/O resumes >> 



 << Logging of terminal I/O resumes >> 



 << Logging of terminal I/O resumes >> 



 << Logging of terminal I/O resumes >> 



 << Logging of terminal I/O resumes >> 



 << Logging of terminal I/O resumes >> 



 << Logging of terminal I/O resumes >> 



 << Logging of terminal I/O resumes >> 



 << Logging of terminal I/O resumes >> 



 << Logging of terminal I/O resumes >> 



 << Logging of terminal I/O resumes >> 



 << Logging of terminal I/O resumes >> 



 << Logging of terminal I/O resumes >> 



 << Logging of terminal I/O resumes >> 



 << Logging of terminal I/O resumes >> 



 << Logging of terminal I/O resumes >> 



 << Logging of terminal I/O resumes >> 



 << Logging of terminal I/O resumes >> 



 << Logging of terminal I/O resumes >> 



 << Logging of terminal I/O resumes >> 



 << Logging of terminal I/O resumes >> 



 << Logging of terminal I/O resumes >> 



 << Logging of terminal I/O resumes >> 



 << Logging of terminal I/O resumes >> 



 << Logging of terminal I/O resumes >> 



 << Logging of terminal I/O resumes >> 



 << Logging of terminal I/O resumes >> 



 << Logging of terminal I/O resumes >> 



 << Logging of terminal I/O resumes >> 

