

 << Logging to file resumes >> 

Sun Sep 02, 2018 08:59:54: Loaded macro file: C:\Program Files (x86)\IAR Systems\Embedded Workbench 8.1\arm\config\debugger\ST\STM32F1xx.dmac
Sun Sep 02, 2018 08:59:54: Loaded macro file: C:\Program Files (x86)\IAR Systems\Embedded Workbench 8.1\arm\config\flashloader\ST\FlashSTM32F10xxx.mac
Sun Sep 02, 2018 08:59:54: ST-Link firmware too old
Sun Sep 02, 2018 08:59:54: Connected to ST-Link/V2 [SWD mode 1800 kHz] [Access port: 0] Firmware V2.J29.S7 (Probe no: 22201487)
Sun Sep 02, 2018 08:59:54: Hardware reset with strategy 0 was performed
Sun Sep 02, 2018 08:59:54: Initial reset was performed
Sun Sep 02, 2018 08:59:54: 736 bytes downloaded (15.29 Kbytes/sec)
Sun Sep 02, 2018 08:59:54: Loaded debugee: C:\Program Files (x86)\IAR Systems\Embedded Workbench 8.1\arm\config\flashloader\ST\FlashSTM32F10xxxRAM10K.out
Sun Sep 02, 2018 08:59:54: Target reset
Sun Sep 02, 2018 08:59:55: Unloaded macro file: C:\Program Files (x86)\IAR Systems\Embedded Workbench 8.1\arm\config\flashloader\ST\FlashSTM32F10xxx.mac
Sun Sep 02, 2018 08:59:55: Downloaded C:\Amit_Chaudhary\STM32\Projects\IAR\IAR_Projects\Main\Main_Latest\IAR\Debug\Exe\Main.out to flash memory.
Sun Sep 02, 2018 08:59:55: Hardware reset with strategy 0 was performed
Sun Sep 02, 2018 08:59:55: 15876 bytes downloaded into FLASH (11.54 Kbytes/sec)
Sun Sep 02, 2018 08:59:55: Loaded debugee: C:\Amit_Chaudhary\STM32\Projects\IAR\IAR_Projects\Main\Main_Latest\IAR\Debug\Exe\Main.out
Sun Sep 02, 2018 08:59:55: Hardware reset with strategy 0 was performed
Sun Sep 02, 2018 08:59:55: Target reset


 << Logging to file resumes >> 

Sun Sep 02, 2018 09:01:24: Loaded macro file: C:\Program Files (x86)\IAR Systems\Embedded Workbench 8.1\arm\config\debugger\ST\STM32F1xx.dmac
Sun Sep 02, 2018 09:01:24: Loaded macro file: C:\Program Files (x86)\IAR Systems\Embedded Workbench 8.1\arm\config\flashloader\ST\FlashSTM32F10xxx.mac
Sun Sep 02, 2018 09:01:24: ST-Link firmware too old
Sun Sep 02, 2018 09:01:24: Connected to ST-Link/V2 [SWD mode 1800 kHz] [Access port: 0] Firmware V2.J29.S7 (Probe no: 22201487)
Sun Sep 02, 2018 09:01:24: Hardware reset with strategy 0 was performed
Sun Sep 02, 2018 09:01:24: Initial reset was performed
Sun Sep 02, 2018 09:01:24: 736 bytes downloaded (15.29 Kbytes/sec)
Sun Sep 02, 2018 09:01:24: Loaded debugee: C:\Program Files (x86)\IAR Systems\Embedded Workbench 8.1\arm\config\flashloader\ST\FlashSTM32F10xxxRAM10K.out
Sun Sep 02, 2018 09:01:24: Target reset
Sun Sep 02, 2018 09:01:26: Unloaded macro file: C:\Program Files (x86)\IAR Systems\Embedded Workbench 8.1\arm\config\flashloader\ST\FlashSTM32F10xxx.mac
Sun Sep 02, 2018 09:01:26: Downloaded C:\Amit_Chaudhary\STM32\Projects\IAR\IAR_Projects\Main\Main_Latest\IAR\Debug\Exe\Main.out to flash memory.
Sun Sep 02, 2018 09:01:26: Hardware reset with strategy 0 was performed
Sun Sep 02, 2018 09:01:26: 15876 bytes downloaded into FLASH (11.28 Kbytes/sec)
Sun Sep 02, 2018 09:01:26: Loaded debugee: C:\Amit_Chaudhary\STM32\Projects\IAR\IAR_Projects\Main\Main_Latest\IAR\Debug\Exe\Main.out
Sun Sep 02, 2018 09:01:26: Hardware reset with strategy 0 was performed
Sun Sep 02, 2018 09:01:26: Target reset


 << Logging to file resumes >> 

Sun Sep 02, 2018 13:38:00: Loaded macro file: C:\Program Files (x86)\IAR Systems\Embedded Workbench 8.1\arm\config\debugger\ST\STM32F1xx.dmac
Sun Sep 02, 2018 13:38:00: Loaded macro file: C:\Program Files (x86)\IAR Systems\Embedded Workbench 8.1\arm\config\flashloader\ST\FlashSTM32F10xxx.mac
Sun Sep 02, 2018 13:38:00: ST-Link firmware too old
Sun Sep 02, 2018 13:38:00: Connected to ST-Link/V2 [SWD mode 1800 kHz] [Access port: 0] Firmware V2.J29.S7 (Probe no: 22201487)
Sun Sep 02, 2018 13:38:00: Hardware reset with strategy 0 was performed
Sun Sep 02, 2018 13:38:00: Initial reset was performed
Sun Sep 02, 2018 13:38:00: 736 bytes downloaded (15.29 Kbytes/sec)
Sun Sep 02, 2018 13:38:00: Loaded debugee: C:\Program Files (x86)\IAR Systems\Embedded Workbench 8.1\arm\config\flashloader\ST\FlashSTM32F10xxxRAM10K.out
Sun Sep 02, 2018 13:38:00: Target reset
Sun Sep 02, 2018 13:38:01: Unloaded macro file: C:\Program Files (x86)\IAR Systems\Embedded Workbench 8.1\arm\config\flashloader\ST\FlashSTM32F10xxx.mac
Sun Sep 02, 2018 13:38:01: Downloaded C:\Amit_Chaudhary\STM32\Projects\IAR\IAR_Projects\Main\Main_Latest\IAR\Debug\Exe\Main.out to flash memory.
Sun Sep 02, 2018 13:38:01: Hardware reset with strategy 0 was performed
Sun Sep 02, 2018 13:38:02: 15880 bytes downloaded into FLASH (11.28 Kbytes/sec)
Sun Sep 02, 2018 13:38:02: Loaded debugee: C:\Amit_Chaudhary\STM32\Projects\IAR\IAR_Projects\Main\Main_Latest\IAR\Debug\Exe\Main.out
Sun Sep 02, 2018 13:38:02: Hardware reset with strategy 0 was performed
Sun Sep 02, 2018 13:38:02: Target reset


 << Logging to file resumes >> 

Sun Sep 02, 2018 15:53:49: Loaded macro file: C:\Program Files (x86)\IAR Systems\Embedded Workbench 8.1\arm\config\debugger\ST\STM32F1xx.dmac
Sun Sep 02, 2018 15:53:49: Loaded macro file: C:\Program Files (x86)\IAR Systems\Embedded Workbench 8.1\arm\config\flashloader\ST\FlashSTM32F10xxx.mac
Sun Sep 02, 2018 15:53:49: ST-Link firmware too old
Sun Sep 02, 2018 15:53:50: Connected to ST-Link/V2 [SWD mode 1800 kHz] [Access port: 0] Firmware V2.J29.S7 (Probe no: 22201487)
Sun Sep 02, 2018 15:53:50: Hardware reset with strategy 0 was performed
Sun Sep 02, 2018 15:53:50: Initial reset was performed
Sun Sep 02, 2018 15:53:50: 736 bytes downloaded (15.29 Kbytes/sec)
Sun Sep 02, 2018 15:53:50: Loaded debugee: C:\Program Files (x86)\IAR Systems\Embedded Workbench 8.1\arm\config\flashloader\ST\FlashSTM32F10xxxRAM10K.out
Sun Sep 02, 2018 15:53:50: Target reset
Sun Sep 02, 2018 15:53:51: Unloaded macro file: C:\Program Files (x86)\IAR Systems\Embedded Workbench 8.1\arm\config\flashloader\ST\FlashSTM32F10xxx.mac
Sun Sep 02, 2018 15:53:51: Downloaded C:\Amit_Chaudhary\STM32\Projects\IAR\IAR_Projects\Main\Main_Latest\IAR\Debug\Exe\Main.out to flash memory.
Sun Sep 02, 2018 15:53:51: Hardware reset with strategy 0 was performed
Sun Sep 02, 2018 15:53:51: 15880 bytes downloaded into FLASH (11.15 Kbytes/sec)
Sun Sep 02, 2018 15:53:51: Loaded debugee: C:\Amit_Chaudhary\STM32\Projects\IAR\IAR_Projects\Main\Main_Latest\IAR\Debug\Exe\Main.out
Sun Sep 02, 2018 15:53:51: Hardware reset with strategy 0 was performed
Sun Sep 02, 2018 15:53:51: Target reset


 << Logging to file resumes >> 

Sun Sep 02, 2018 17:57:21: Loaded macro file: C:\Program Files (x86)\IAR Systems\Embedded Workbench 8.1\arm\config\debugger\ST\STM32F1xx.dmac
Sun Sep 02, 2018 17:57:21: Loaded macro file: C:\Program Files (x86)\IAR Systems\Embedded Workbench 8.1\arm\config\flashloader\ST\FlashSTM32F10xxx.mac
Sun Sep 02, 2018 17:57:23: Fatal error: Failed the search for probes, ensure that the USB drivers are installed.   Session aborted!
Sun Sep 02, 2018 17:57:23: Unloaded macro file: C:\Program Files (x86)\IAR Systems\Embedded Workbench 8.1\arm\config\flashloader\ST\FlashSTM32F10xxx.mac
